{"uuid":"219c1df5-bd37-4912-b2e9-2a9bdfb99eda","historyId":"97b5280352f48a02bcd5bd72ea359b18","fullName":"features/CreateNewProject.feature:15","labels":[{"name":"host","value":"PC"},{"name":"thread","value":"17252@PC.main(1)"},{"name":"feature","value":"End2End  Tests"},{"name":"story","value":"User enter on the details of an project and delete it from search"},{"name":"suite","value":"End2End  Tests"},{"name":"testClass","value":"User enter on the details of an project and delete it from search"},{"name":"framework","value":"cucumber4jvm"},{"name":"language","value":"java"},{"name":"gherkin_uri","value":"classpath:features/CreateNewProject.feature"},{"name":"package","value":"features.CreateNewProject_feature.End2End  Tests"}],"links":[],"name":"User enter on the details of an project and delete it from search","status":"broken","statusDetails":{"known":false,"muted":false,"flaky":false,"message":"no such element: Unable to locate element: {\"method\":\"xpath\",\"selector\":\"//*[@id=\"ModalAddProject\"]/div/div/div[2]/form/aw-wizard/div/aw-wizard-step[1]/div/div[2]/div[1]/div/label[2]\"}\n  (Session info: chrome=119.0.6045.200)\nFor documentation on this error, please visit: https://www.selenium.dev/documentation/webdriver/troubleshooting/errors#no-such-element-exception\nBuild info: version: '4.15.0', revision: '1d14b5521b'\nSystem info: os.name: 'Windows 11', os.arch: 'amd64', os.version: '10.0', java.version: '17.0.9'\nDriver info: org.openqa.selenium.chrome.ChromeDriver\nCommand: [72d7ca26d73c5eafaddd6d02dc7998cb, findElement {using=xpath, value=//*[@id=\"ModalAddProject\"]/div/div/div[2]/form/aw-wizard/div/aw-wizard-step[1]/div/div[2]/div[1]/div/label[2]}]\nCapabilities {acceptInsecureCerts: false, browserName: chrome, browserVersion: 119.0.6045.200, chrome: {chromedriverVersion: 119.0.6045.105 (38c72552c5e..., userDataDir: C:\\Users\\iboul\\AppData\\Loca...}, fedcm:accounts: true, goog:chromeOptions: {debuggerAddress: localhost:52905}, networkConnectionEnabled: false, pageLoadStrategy: normal, platformName: windows, proxy: Proxy(), se:cdp: ws://localhost:52905/devtoo..., se:cdpVersion: 119.0.6045.200, setWindowRect: true, strictFileInteractability: false, timeouts: {implicit: 0, pageLoad: 300000, script: 30000}, unhandledPromptBehavior: dismiss and notify, webauthn:extension:credBlob: true, webauthn:extension:largeBlob: true, webauthn:extension:minPinLength: true, webauthn:extension:prf: true, webauthn:virtualAuthenticators: true}\nSession ID: 72d7ca26d73c5eafaddd6d02dc7998cb","trace":"org.openqa.selenium.NoSuchElementException: no such element: Unable to locate element: {\"method\":\"xpath\",\"selector\":\"//*[@id=\"ModalAddProject\"]/div/div/div[2]/form/aw-wizard/div/aw-wizard-step[1]/div/div[2]/div[1]/div/label[2]\"}\n  (Session info: chrome=119.0.6045.200)\nFor documentation on this error, please visit: https://www.selenium.dev/documentation/webdriver/troubleshooting/errors#no-such-element-exception\nBuild info: version: '4.15.0', revision: '1d14b5521b'\nSystem info: os.name: 'Windows 11', os.arch: 'amd64', os.version: '10.0', java.version: '17.0.9'\nDriver info: org.openqa.selenium.chrome.ChromeDriver\nCommand: [72d7ca26d73c5eafaddd6d02dc7998cb, findElement {using=xpath, value=//*[@id=\"ModalAddProject\"]/div/div/div[2]/form/aw-wizard/div/aw-wizard-step[1]/div/div[2]/div[1]/div/label[2]}]\nCapabilities {acceptInsecureCerts: false, browserName: chrome, browserVersion: 119.0.6045.200, chrome: {chromedriverVersion: 119.0.6045.105 (38c72552c5e..., userDataDir: C:\\Users\\iboul\\AppData\\Loca...}, fedcm:accounts: true, goog:chromeOptions: {debuggerAddress: localhost:52905}, networkConnectionEnabled: false, pageLoadStrategy: normal, platformName: windows, proxy: Proxy(), se:cdp: ws://localhost:52905/devtoo..., se:cdpVersion: 119.0.6045.200, setWindowRect: true, strictFileInteractability: false, timeouts: {implicit: 0, pageLoad: 300000, script: 30000}, unhandledPromptBehavior: dismiss and notify, webauthn:extension:credBlob: true, webauthn:extension:largeBlob: true, webauthn:extension:minPinLength: true, webauthn:extension:prf: true, webauthn:virtualAuthenticators: true}\nSession ID: 72d7ca26d73c5eafaddd6d02dc7998cb\r\n\tat java.base/jdk.internal.reflect.NativeConstructorAccessorImpl.newInstance0(Native Method)\r\n\tat java.base/jdk.internal.reflect.NativeConstructorAccessorImpl.newInstance(NativeConstructorAccessorImpl.java:77)\r\n\tat java.base/jdk.internal.reflect.DelegatingConstructorAccessorImpl.newInstance(DelegatingConstructorAccessorImpl.java:45)\r\n\tat java.base/java.lang.reflect.Constructor.newInstanceWithCaller(Constructor.java:499)\r\n\tat java.base/java.lang.reflect.Constructor.newInstance(Constructor.java:480)\r\n\tat org.openqa.selenium.remote.codec.w3c.W3CHttpResponseCodec.createException(W3CHttpResponseCodec.java:200)\r\n\tat org.openqa.selenium.remote.codec.w3c.W3CHttpResponseCodec.decode(W3CHttpResponseCodec.java:133)\r\n\tat org.openqa.selenium.remote.codec.w3c.W3CHttpResponseCodec.decode(W3CHttpResponseCodec.java:52)\r\n\tat org.openqa.selenium.remote.HttpCommandExecutor.execute(HttpCommandExecutor.java:191)\r\n\tat org.openqa.selenium.remote.service.DriverCommandExecutor.invokeExecute(DriverCommandExecutor.java:200)\r\n\tat org.openqa.selenium.remote.service.DriverCommandExecutor.execute(DriverCommandExecutor.java:175)\r\n\tat org.openqa.selenium.remote.RemoteWebDriver.execute(RemoteWebDriver.java:607)\r\n\tat org.openqa.selenium.remote.ElementLocation$ElementFinder$2.findElement(ElementLocation.java:165)\r\n\tat org.openqa.selenium.remote.ElementLocation.findElement(ElementLocation.java:59)\r\n\tat org.openqa.selenium.remote.RemoteWebDriver.findElement(RemoteWebDriver.java:364)\r\n\tat org.openqa.selenium.remote.RemoteWebDriver.findElement(RemoteWebDriver.java:358)\r\n\tat org.openqa.selenium.support.pagefactory.DefaultElementLocator.findElement(DefaultElementLocator.java:68)\r\n\tat org.openqa.selenium.support.pagefactory.internal.LocatingElementHandler.invoke(LocatingElementHandler.java:38)\r\n\tat jdk.proxy2/jdk.proxy2.$Proxy26.getText(Unknown Source)\r\n\tat stepsDefinition.CreateNewProject.he_adds_a_new_project(CreateNewProject.java:67)\r\n\tat ✽.he adds a new project \"\" , \"\" , \"Default\" , \"PeopleSoft\" , \"Banque\" , \"Chalouati\" , \"Approved\" , \"definition\" , \"purpose\" , \"requirement\" , \"15\" , \"25\" , \"test\" , \"business Case Test\" , \"w.chalouati@huxium.io\" , \"n.benbrahim@huxium.io\" , \"yaouimeur@systnaps.com\"(classpath:features/CreateNewProject.feature:8)\r\n"},"stage":"finished","description":"   Description: test integration search and delete","steps":[{"name":"Given  user is logged in \"w.chalouati\" , \"Wiemhuxium2023*\"","status":"passed","statusDetails":{"known":false,"muted":false,"flaky":false},"stage":"finished","steps":[],"attachments":[],"parameters":[],"start":1701942267156,"stop":1701942270887},{"name":"When  user is in the project list","status":"passed","statusDetails":{"known":false,"muted":false,"flaky":false},"stage":"finished","steps":[],"attachments":[],"parameters":[],"start":1701942270891,"stop":1701942277666},{"name":"And  he adds a new project \"\" , \"\" , \"Default\" , \"PeopleSoft\" , \"Banque\" , \"Chalouati\" , \"Approved\" , \"definition\" , \"purpose\" , \"requirement\" , \"15\" , \"25\" , \"test\" , \"business Case Test\" , \"w.chalouati@huxium.io\" , \"n.benbrahim@huxium.io\" , \"yaouimeur@systnaps.com\"","status":"broken","statusDetails":{"known":false,"muted":false,"flaky":false,"message":"no such element: Unable to locate element: {\"method\":\"xpath\",\"selector\":\"//*[@id=\"ModalAddProject\"]/div/div/div[2]/form/aw-wizard/div/aw-wizard-step[1]/div/div[2]/div[1]/div/label[2]\"}\n  (Session info: chrome=119.0.6045.200)\nFor documentation on this error, please visit: https://www.selenium.dev/documentation/webdriver/troubleshooting/errors#no-such-element-exception\nBuild info: version: '4.15.0', revision: '1d14b5521b'\nSystem info: os.name: 'Windows 11', os.arch: 'amd64', os.version: '10.0', java.version: '17.0.9'\nDriver info: org.openqa.selenium.chrome.ChromeDriver\nCommand: [72d7ca26d73c5eafaddd6d02dc7998cb, findElement {using=xpath, value=//*[@id=\"ModalAddProject\"]/div/div/div[2]/form/aw-wizard/div/aw-wizard-step[1]/div/div[2]/div[1]/div/label[2]}]\nCapabilities {acceptInsecureCerts: false, browserName: chrome, browserVersion: 119.0.6045.200, chrome: {chromedriverVersion: 119.0.6045.105 (38c72552c5e..., userDataDir: C:\\Users\\iboul\\AppData\\Loca...}, fedcm:accounts: true, goog:chromeOptions: {debuggerAddress: localhost:52905}, networkConnectionEnabled: false, pageLoadStrategy: normal, platformName: windows, proxy: Proxy(), se:cdp: ws://localhost:52905/devtoo..., se:cdpVersion: 119.0.6045.200, setWindowRect: true, strictFileInteractability: false, timeouts: {implicit: 0, pageLoad: 300000, script: 30000}, unhandledPromptBehavior: dismiss and notify, webauthn:extension:credBlob: true, webauthn:extension:largeBlob: true, webauthn:extension:minPinLength: true, webauthn:extension:prf: true, webauthn:virtualAuthenticators: true}\nSession ID: 72d7ca26d73c5eafaddd6d02dc7998cb","trace":"org.openqa.selenium.NoSuchElementException: no such element: Unable to locate element: {\"method\":\"xpath\",\"selector\":\"//*[@id=\"ModalAddProject\"]/div/div/div[2]/form/aw-wizard/div/aw-wizard-step[1]/div/div[2]/div[1]/div/label[2]\"}\n  (Session info: chrome=119.0.6045.200)\nFor documentation on this error, please visit: https://www.selenium.dev/documentation/webdriver/troubleshooting/errors#no-such-element-exception\nBuild info: version: '4.15.0', revision: '1d14b5521b'\nSystem info: os.name: 'Windows 11', os.arch: 'amd64', os.version: '10.0', java.version: '17.0.9'\nDriver info: org.openqa.selenium.chrome.ChromeDriver\nCommand: [72d7ca26d73c5eafaddd6d02dc7998cb, findElement {using=xpath, value=//*[@id=\"ModalAddProject\"]/div/div/div[2]/form/aw-wizard/div/aw-wizard-step[1]/div/div[2]/div[1]/div/label[2]}]\nCapabilities {acceptInsecureCerts: false, browserName: chrome, browserVersion: 119.0.6045.200, chrome: {chromedriverVersion: 119.0.6045.105 (38c72552c5e..., userDataDir: C:\\Users\\iboul\\AppData\\Loca...}, fedcm:accounts: true, goog:chromeOptions: {debuggerAddress: localhost:52905}, networkConnectionEnabled: false, pageLoadStrategy: normal, platformName: windows, proxy: Proxy(), se:cdp: ws://localhost:52905/devtoo..., se:cdpVersion: 119.0.6045.200, setWindowRect: true, strictFileInteractability: false, timeouts: {implicit: 0, pageLoad: 300000, script: 30000}, unhandledPromptBehavior: dismiss and notify, webauthn:extension:credBlob: true, webauthn:extension:largeBlob: true, webauthn:extension:minPinLength: true, webauthn:extension:prf: true, webauthn:virtualAuthenticators: true}\nSession ID: 72d7ca26d73c5eafaddd6d02dc7998cb\r\n\tat java.base/jdk.internal.reflect.NativeConstructorAccessorImpl.newInstance0(Native Method)\r\n\tat java.base/jdk.internal.reflect.NativeConstructorAccessorImpl.newInstance(NativeConstructorAccessorImpl.java:77)\r\n\tat java.base/jdk.internal.reflect.DelegatingConstructorAccessorImpl.newInstance(DelegatingConstructorAccessorImpl.java:45)\r\n\tat java.base/java.lang.reflect.Constructor.newInstanceWithCaller(Constructor.java:499)\r\n\tat java.base/java.lang.reflect.Constructor.newInstance(Constructor.java:480)\r\n\tat org.openqa.selenium.remote.codec.w3c.W3CHttpResponseCodec.createException(W3CHttpResponseCodec.java:200)\r\n\tat org.openqa.selenium.remote.codec.w3c.W3CHttpResponseCodec.decode(W3CHttpResponseCodec.java:133)\r\n\tat org.openqa.selenium.remote.codec.w3c.W3CHttpResponseCodec.decode(W3CHttpResponseCodec.java:52)\r\n\tat org.openqa.selenium.remote.HttpCommandExecutor.execute(HttpCommandExecutor.java:191)\r\n\tat org.openqa.selenium.remote.service.DriverCommandExecutor.invokeExecute(DriverCommandExecutor.java:200)\r\n\tat org.openqa.selenium.remote.service.DriverCommandExecutor.execute(DriverCommandExecutor.java:175)\r\n\tat org.openqa.selenium.remote.RemoteWebDriver.execute(RemoteWebDriver.java:607)\r\n\tat org.openqa.selenium.remote.ElementLocation$ElementFinder$2.findElement(ElementLocation.java:165)\r\n\tat org.openqa.selenium.remote.ElementLocation.findElement(ElementLocation.java:59)\r\n\tat org.openqa.selenium.remote.RemoteWebDriver.findElement(RemoteWebDriver.java:364)\r\n\tat org.openqa.selenium.remote.RemoteWebDriver.findElement(RemoteWebDriver.java:358)\r\n\tat org.openqa.selenium.support.pagefactory.DefaultElementLocator.findElement(DefaultElementLocator.java:68)\r\n\tat org.openqa.selenium.support.pagefactory.internal.LocatingElementHandler.invoke(LocatingElementHandler.java:38)\r\n\tat jdk.proxy2/jdk.proxy2.$Proxy26.getText(Unknown Source)\r\n\tat stepsDefinition.CreateNewProject.he_adds_a_new_project(CreateNewProject.java:67)\r\n\tat ✽.he adds a new project \"\" , \"\" , \"Default\" , \"PeopleSoft\" , \"Banque\" , \"Chalouati\" , \"Approved\" , \"definition\" , \"purpose\" , \"requirement\" , \"15\" , \"25\" , \"test\" , \"business Case Test\" , \"w.chalouati@huxium.io\" , \"n.benbrahim@huxium.io\" , \"yaouimeur@systnaps.com\"(classpath:features/CreateNewProject.feature:8)\r\n"},"stage":"finished","steps":[],"attachments":[],"parameters":[],"start":1701942277668,"stop":1701942307075},{"name":"And  he searches for \"\"","status":"skipped","statusDetails":{"known":false,"muted":false,"flaky":false},"stage":"finished","steps":[],"attachments":[],"parameters":[],"start":1701942307076,"stop":1701942307077},{"name":"And  he enters on details \"\"","status":"skipped","statusDetails":{"known":false,"muted":false,"flaky":false},"stage":"finished","steps":[],"attachments":[],"parameters":[],"start":1701942307077,"stop":1701942307078},{"name":"Then  he deletes the project","status":"skipped","statusDetails":{"known":false,"muted":false,"flaky":false},"stage":"finished","steps":[],"attachments":[],"parameters":[],"start":1701942307078,"stop":1701942307078}],"attachments":[],"parameters":[{"name":"userName","value":"w.chalouati"},{"name":"password","value":"Wiemhuxium2023*"},{"name":"templateName","value":""},{"name":"projectName","value":""},{"name":"optionTemplate","value":"Default"},{"name":"optionSystem","value":"PeopleSoft"},{"name":"optionEntities","value":"Banque"},{"name":"optionProjectManager","value":"Chalouati"},{"name":"optionStatus","value":"Approved"},{"name":"definition","value":"definition"},{"name":"purpose","value":"purpose"},{"name":"requirement","value":"requirement"},{"name":"effectiveJour","value":"15"},{"name":"endJour","value":"25"},{"name":"optionDataLineage","value":"test"},{"name":"businessCase","value":"business Case Test"},{"name":"optionSuppliers","value":"w.chalouati@huxium.io"},{"name":"optionParticipants","value":"n.benbrahim@huxium.io"},{"name":"optionConsumers","value":"yaouimeur@systnaps.com"}],"start":1701942267152,"stop":1701942307082}