{"uuid":"bdda91d9-d571-4de3-a24f-4a1fef22cdd3","historyId":"5b6b4c6554e89d51570626f4a47483b4","fullName":"src/test/java/features/CreateNewProject.feature:15","labels":[{"name":"host","value":"PC"},{"name":"thread","value":"25488@PC.main(1)"},{"name":"feature","value":"End2End  Tests"},{"name":"story","value":"User enter on the details of an project and delete it from search"},{"name":"suite","value":"End2End  Tests"},{"name":"testClass","value":"User enter on the details of an project and delete it from search"},{"name":"framework","value":"cucumber4jvm"},{"name":"language","value":"java"},{"name":"gherkin_uri","value":"file:///D:/Projects_Eclipse/selenium.test/src/test/java/features/CreateNewProject.feature"},{"name":"package","value":"src.test.java.features.CreateNewProject_feature.End2End  Tests"}],"links":[],"name":"User enter on the details of an project and delete it from search","status":"broken","statusDetails":{"known":false,"muted":false,"flaky":false,"message":"element click intercepted: Element <span class=\"ng-value-label\" ng-reflect-ng-item-label=\"...\" ng-reflect-escape=\"true\">Banque</span> is not clickable at point (433, 213). Other element would receive the click: <div _ngcontent-hqx-c165=\"\" class=\"form-group\">...</div>\n  (Session info: chrome=119.0.6045.200)\nBuild info: version: '4.15.0', revision: '1d14b5521b'\nSystem info: os.name: 'Windows 11', os.arch: 'amd64', os.version: '10.0', java.version: '17.0.9'\nDriver info: org.openqa.selenium.chrome.ChromeDriver\nCommand: [4e26f8661edad9fda9c4c14372164300, clickElement {id=94190724B4A4040E1D7D8CBA92123F82_element_465}]\nCapabilities {acceptInsecureCerts: false, browserName: chrome, browserVersion: 119.0.6045.200, chrome: {chromedriverVersion: 119.0.6045.105 (38c72552c5e..., userDataDir: C:\\Users\\iboul\\AppData\\Loca...}, fedcm:accounts: true, goog:chromeOptions: {debuggerAddress: localhost:51004}, networkConnectionEnabled: false, pageLoadStrategy: normal, platformName: windows, proxy: Proxy(), se:cdp: ws://localhost:51004/devtoo..., se:cdpVersion: 119.0.6045.200, setWindowRect: true, strictFileInteractability: false, timeouts: {implicit: 0, pageLoad: 300000, script: 30000}, unhandledPromptBehavior: dismiss and notify, webauthn:extension:credBlob: true, webauthn:extension:largeBlob: true, webauthn:extension:minPinLength: true, webauthn:extension:prf: true, webauthn:virtualAuthenticators: true}\nElement: [[ChromeDriver: chrome on windows (4e26f8661edad9fda9c4c14372164300)] -> xpath: //*[@ng-reflect-ng-item-label='Banque']]\nSession ID: 4e26f8661edad9fda9c4c14372164300","trace":"org.openqa.selenium.ElementClickInterceptedException: element click intercepted: Element <span class=\"ng-value-label\" ng-reflect-ng-item-label=\"...\" ng-reflect-escape=\"true\">Banque</span> is not clickable at point (433, 213). Other element would receive the click: <div _ngcontent-hqx-c165=\"\" class=\"form-group\">...</div>\n  (Session info: chrome=119.0.6045.200)\nBuild info: version: '4.15.0', revision: '1d14b5521b'\nSystem info: os.name: 'Windows 11', os.arch: 'amd64', os.version: '10.0', java.version: '17.0.9'\nDriver info: org.openqa.selenium.chrome.ChromeDriver\nCommand: [4e26f8661edad9fda9c4c14372164300, clickElement {id=94190724B4A4040E1D7D8CBA92123F82_element_465}]\nCapabilities {acceptInsecureCerts: false, browserName: chrome, browserVersion: 119.0.6045.200, chrome: {chromedriverVersion: 119.0.6045.105 (38c72552c5e..., userDataDir: C:\\Users\\iboul\\AppData\\Loca...}, fedcm:accounts: true, goog:chromeOptions: {debuggerAddress: localhost:51004}, networkConnectionEnabled: false, pageLoadStrategy: normal, platformName: windows, proxy: Proxy(), se:cdp: ws://localhost:51004/devtoo..., se:cdpVersion: 119.0.6045.200, setWindowRect: true, strictFileInteractability: false, timeouts: {implicit: 0, pageLoad: 300000, script: 30000}, unhandledPromptBehavior: dismiss and notify, webauthn:extension:credBlob: true, webauthn:extension:largeBlob: true, webauthn:extension:minPinLength: true, webauthn:extension:prf: true, webauthn:virtualAuthenticators: true}\nElement: [[ChromeDriver: chrome on windows (4e26f8661edad9fda9c4c14372164300)] -> xpath: //*[@ng-reflect-ng-item-label='Banque']]\nSession ID: 4e26f8661edad9fda9c4c14372164300\r\n\tat java.base/jdk.internal.reflect.NativeConstructorAccessorImpl.newInstance0(Native Method)\r\n\tat java.base/jdk.internal.reflect.NativeConstructorAccessorImpl.newInstance(NativeConstructorAccessorImpl.java:77)\r\n\tat java.base/jdk.internal.reflect.DelegatingConstructorAccessorImpl.newInstance(DelegatingConstructorAccessorImpl.java:45)\r\n\tat java.base/java.lang.reflect.Constructor.newInstanceWithCaller(Constructor.java:499)\r\n\tat java.base/java.lang.reflect.Constructor.newInstance(Constructor.java:480)\r\n\tat org.openqa.selenium.remote.codec.w3c.W3CHttpResponseCodec.createException(W3CHttpResponseCodec.java:200)\r\n\tat org.openqa.selenium.remote.codec.w3c.W3CHttpResponseCodec.decode(W3CHttpResponseCodec.java:133)\r\n\tat org.openqa.selenium.remote.codec.w3c.W3CHttpResponseCodec.decode(W3CHttpResponseCodec.java:52)\r\n\tat org.openqa.selenium.remote.HttpCommandExecutor.execute(HttpCommandExecutor.java:191)\r\n\tat org.openqa.selenium.remote.service.DriverCommandExecutor.invokeExecute(DriverCommandExecutor.java:200)\r\n\tat org.openqa.selenium.remote.service.DriverCommandExecutor.execute(DriverCommandExecutor.java:175)\r\n\tat org.openqa.selenium.remote.RemoteWebDriver.execute(RemoteWebDriver.java:607)\r\n\tat org.openqa.selenium.remote.RemoteWebElement.execute(RemoteWebElement.java:224)\r\n\tat org.openqa.selenium.remote.RemoteWebElement.click(RemoteWebElement.java:77)\r\n\tat stepsDefinition.CreateNewProject.he_adds_a_new_project(CreateNewProject.java:43)\r\n\tat ✽.he adds a new project \"\" , \"wiem\" , \"Default\" , \"PeopleSoft\" , \"Banque\" , \"Chalouati\" , \"Approved\" , \"definition\" , \"purpose\" , \"requirement\" , \"15\" , \"25\" , \"test\" , \"business Case Test\" , \"w.chalouati@huxium.io\" , \"n.benbrahim@huxium.io\" , \"yaouimeur@systnaps.com\"(file:///D:/Projects_Eclipse/selenium.test/src/test/java/features/CreateNewProject.feature:8)\r\n"},"stage":"finished","description":"   Description: test integration search and delete","steps":[{"name":"Given  user is logged in \"w.chalouati\" , \"Wiemhuxium2023*\"","status":"passed","statusDetails":{"known":false,"muted":false,"flaky":false},"stage":"finished","steps":[],"attachments":[],"parameters":[],"start":1701806807787,"stop":1701806811507},{"name":"When  user is in the project list","status":"passed","statusDetails":{"known":false,"muted":false,"flaky":false},"stage":"finished","steps":[],"attachments":[],"parameters":[],"start":1701806811507,"stop":1701806818951},{"name":"And  he adds a new project \"\" , \"wiem\" , \"Default\" , \"PeopleSoft\" , \"Banque\" , \"Chalouati\" , \"Approved\" , \"definition\" , \"purpose\" , \"requirement\" , \"15\" , \"25\" , \"test\" , \"business Case Test\" , \"w.chalouati@huxium.io\" , \"n.benbrahim@huxium.io\" , \"yaouimeur@systnaps.com\"","status":"broken","statusDetails":{"known":false,"muted":false,"flaky":false,"message":"element click intercepted: Element <span class=\"ng-value-label\" ng-reflect-ng-item-label=\"...\" ng-reflect-escape=\"true\">Banque</span> is not clickable at point (433, 213). Other element would receive the click: <div _ngcontent-hqx-c165=\"\" class=\"form-group\">...</div>\n  (Session info: chrome=119.0.6045.200)\nBuild info: version: '4.15.0', revision: '1d14b5521b'\nSystem info: os.name: 'Windows 11', os.arch: 'amd64', os.version: '10.0', java.version: '17.0.9'\nDriver info: org.openqa.selenium.chrome.ChromeDriver\nCommand: [4e26f8661edad9fda9c4c14372164300, clickElement {id=94190724B4A4040E1D7D8CBA92123F82_element_465}]\nCapabilities {acceptInsecureCerts: false, browserName: chrome, browserVersion: 119.0.6045.200, chrome: {chromedriverVersion: 119.0.6045.105 (38c72552c5e..., userDataDir: C:\\Users\\iboul\\AppData\\Loca...}, fedcm:accounts: true, goog:chromeOptions: {debuggerAddress: localhost:51004}, networkConnectionEnabled: false, pageLoadStrategy: normal, platformName: windows, proxy: Proxy(), se:cdp: ws://localhost:51004/devtoo..., se:cdpVersion: 119.0.6045.200, setWindowRect: true, strictFileInteractability: false, timeouts: {implicit: 0, pageLoad: 300000, script: 30000}, unhandledPromptBehavior: dismiss and notify, webauthn:extension:credBlob: true, webauthn:extension:largeBlob: true, webauthn:extension:minPinLength: true, webauthn:extension:prf: true, webauthn:virtualAuthenticators: true}\nElement: [[ChromeDriver: chrome on windows (4e26f8661edad9fda9c4c14372164300)] -> xpath: //*[@ng-reflect-ng-item-label='Banque']]\nSession ID: 4e26f8661edad9fda9c4c14372164300","trace":"org.openqa.selenium.ElementClickInterceptedException: element click intercepted: Element <span class=\"ng-value-label\" ng-reflect-ng-item-label=\"...\" ng-reflect-escape=\"true\">Banque</span> is not clickable at point (433, 213). Other element would receive the click: <div _ngcontent-hqx-c165=\"\" class=\"form-group\">...</div>\n  (Session info: chrome=119.0.6045.200)\nBuild info: version: '4.15.0', revision: '1d14b5521b'\nSystem info: os.name: 'Windows 11', os.arch: 'amd64', os.version: '10.0', java.version: '17.0.9'\nDriver info: org.openqa.selenium.chrome.ChromeDriver\nCommand: [4e26f8661edad9fda9c4c14372164300, clickElement {id=94190724B4A4040E1D7D8CBA92123F82_element_465}]\nCapabilities {acceptInsecureCerts: false, browserName: chrome, browserVersion: 119.0.6045.200, chrome: {chromedriverVersion: 119.0.6045.105 (38c72552c5e..., userDataDir: C:\\Users\\iboul\\AppData\\Loca...}, fedcm:accounts: true, goog:chromeOptions: {debuggerAddress: localhost:51004}, networkConnectionEnabled: false, pageLoadStrategy: normal, platformName: windows, proxy: Proxy(), se:cdp: ws://localhost:51004/devtoo..., se:cdpVersion: 119.0.6045.200, setWindowRect: true, strictFileInteractability: false, timeouts: {implicit: 0, pageLoad: 300000, script: 30000}, unhandledPromptBehavior: dismiss and notify, webauthn:extension:credBlob: true, webauthn:extension:largeBlob: true, webauthn:extension:minPinLength: true, webauthn:extension:prf: true, webauthn:virtualAuthenticators: true}\nElement: [[ChromeDriver: chrome on windows (4e26f8661edad9fda9c4c14372164300)] -> xpath: //*[@ng-reflect-ng-item-label='Banque']]\nSession ID: 4e26f8661edad9fda9c4c14372164300\r\n\tat java.base/jdk.internal.reflect.NativeConstructorAccessorImpl.newInstance0(Native Method)\r\n\tat java.base/jdk.internal.reflect.NativeConstructorAccessorImpl.newInstance(NativeConstructorAccessorImpl.java:77)\r\n\tat java.base/jdk.internal.reflect.DelegatingConstructorAccessorImpl.newInstance(DelegatingConstructorAccessorImpl.java:45)\r\n\tat java.base/java.lang.reflect.Constructor.newInstanceWithCaller(Constructor.java:499)\r\n\tat java.base/java.lang.reflect.Constructor.newInstance(Constructor.java:480)\r\n\tat org.openqa.selenium.remote.codec.w3c.W3CHttpResponseCodec.createException(W3CHttpResponseCodec.java:200)\r\n\tat org.openqa.selenium.remote.codec.w3c.W3CHttpResponseCodec.decode(W3CHttpResponseCodec.java:133)\r\n\tat org.openqa.selenium.remote.codec.w3c.W3CHttpResponseCodec.decode(W3CHttpResponseCodec.java:52)\r\n\tat org.openqa.selenium.remote.HttpCommandExecutor.execute(HttpCommandExecutor.java:191)\r\n\tat org.openqa.selenium.remote.service.DriverCommandExecutor.invokeExecute(DriverCommandExecutor.java:200)\r\n\tat org.openqa.selenium.remote.service.DriverCommandExecutor.execute(DriverCommandExecutor.java:175)\r\n\tat org.openqa.selenium.remote.RemoteWebDriver.execute(RemoteWebDriver.java:607)\r\n\tat org.openqa.selenium.remote.RemoteWebElement.execute(RemoteWebElement.java:224)\r\n\tat org.openqa.selenium.remote.RemoteWebElement.click(RemoteWebElement.java:77)\r\n\tat stepsDefinition.CreateNewProject.he_adds_a_new_project(CreateNewProject.java:43)\r\n\tat ✽.he adds a new project \"\" , \"wiem\" , \"Default\" , \"PeopleSoft\" , \"Banque\" , \"Chalouati\" , \"Approved\" , \"definition\" , \"purpose\" , \"requirement\" , \"15\" , \"25\" , \"test\" , \"business Case Test\" , \"w.chalouati@huxium.io\" , \"n.benbrahim@huxium.io\" , \"yaouimeur@systnaps.com\"(file:///D:/Projects_Eclipse/selenium.test/src/test/java/features/CreateNewProject.feature:8)\r\n"},"stage":"finished","steps":[],"attachments":[],"parameters":[],"start":1701806818953,"stop":1701806827178},{"name":"And  he searches for \"wiem\"","status":"skipped","statusDetails":{"known":false,"muted":false,"flaky":false},"stage":"finished","steps":[],"attachments":[],"parameters":[],"start":1701806827181,"stop":1701806827182},{"name":"And  he enters on details \"wiem\"","status":"skipped","statusDetails":{"known":false,"muted":false,"flaky":false},"stage":"finished","steps":[],"attachments":[],"parameters":[],"start":1701806827182,"stop":1701806827182},{"name":"Then  he deletes the project","status":"skipped","statusDetails":{"known":false,"muted":false,"flaky":false},"stage":"finished","steps":[],"attachments":[],"parameters":[],"start":1701806827183,"stop":1701806827183}],"attachments":[],"parameters":[{"name":"userName","value":"w.chalouati"},{"name":"password","value":"Wiemhuxium2023*"},{"name":"templateName","value":""},{"name":"projectName","value":"wiem"},{"name":"optionTemplate","value":"Default"},{"name":"optionSystem","value":"PeopleSoft"},{"name":"optionEntities","value":"Banque"},{"name":"optionProjectManager","value":"Chalouati"},{"name":"optionStatus","value":"Approved"},{"name":"projectName","value":"Osmose"},{"name":"definition","value":"definition"},{"name":"purpose","value":"purpose"},{"name":"requirement","value":"requirement"},{"name":"effectiveJour","value":"15"},{"name":"endJour","value":"25"},{"name":"optionDataLineage","value":"test"},{"name":"businessCase","value":"business Case Test"},{"name":"optionSuppliers","value":"w.chalouati@huxium.io"},{"name":"optionParticipants","value":"n.benbrahim@huxium.io"},{"name":"optionConsumers","value":"yaouimeur@systnaps.com"}],"start":1701806807787,"stop":1701806827187}